Build started 26.07.2024 01:20:47.
Logging verbosity is set to: Normal.     1>Project "C:\UE4.26.2_Projects\console-resembling\ConsoleResembling\Intermediate\ProjectFiles\ConsoleResembling.vcxproj" on node 2 (Build target(s)).
     1>Build:
         "C:\Epic Games\UE_4.26\Engine\Build\BatchFiles\Build.bat" ConsoleResemblingEditor Win64 Development -Project="C:\UE4.26.2_Projects\console-resembling\ConsoleResembling\ConsoleResembling.uproject" -WaitMutex -FromMsBuild
         Using 'git status' to determine working set for adaptive non-unity build (C:\UE4.26.2_Projects\console-resembling).
         Parsing headers for ConsoleResemblingEditor
           Running UnrealHeaderTool "C:\UE4.26.2_Projects\console-resembling\ConsoleResembling\ConsoleResembling.uproject" "C:\UE4.26.2_Projects\console-resembling\ConsoleResembling\Intermediate\Build\Win64\ConsoleResemblingEditor\Development\ConsoleResemblingEditor.uhtmanifest" -LogCmds="loginit warning, logexit warning, logdatabase error" -Unattended -WarningsAsErrors -abslog="C:\Users\Tomek\AppData\Local\UnrealBuildTool\Log_UHT.txt" -installed
         Reflection code generated for ConsoleResemblingEditor in 37,0927264 seconds
         Building ConsoleResemblingEditor...
         Using Visual Studio 2019 14.27.29112 toolchain (C:\Microsoft Visual Studio\2019\Community\VC\Tools\MSVC\14.27.29110) and Windows 10.0.18362.0 SDK (C:\Windows Kits\10).
         Building 7 actions with 4 processes...
           [1/7] ConsoleResembling.init.gen.cpp
           [2/7] ConsoleHUD.gen.cpp
           [3/7] ConsolePlayerController.cpp
           [4/7] ConsoleHUD.cpp
           [5/7] UE4Editor-ConsoleResembling.lib
              Creating library C:\UE4.26.2_Projects\console-resembling\ConsoleResembling\Intermediate\Build\Win64\UE4Editor\Development\ConsoleResembling\UE4Editor-ConsoleResembling.lib and object C:\UE4.26.2_Projects\console-resembling\ConsoleResembling\Intermediate\Build\Win64\UE4Editor\Development\ConsoleResembling\UE4Editor-ConsoleResembling.exp
           [6/7] UE4Editor-ConsoleResembling.dll
              Creating library C:\UE4.26.2_Projects\console-resembling\ConsoleResembling\Intermediate\Build\Win64\UE4Editor\Development\ConsoleResembling\UE4Editor-ConsoleResembling.suppressed.lib and object C:\UE4.26.2_Projects\console-resembling\ConsoleResembling\Intermediate\Build\Win64\UE4Editor\Development\ConsoleResembling\UE4Editor-ConsoleResembling.suppressed.exp
           [7/7] ConsoleResemblingEditor.target
         Total time in Parallel executor: 20,46 seconds
         Total execution time: 60,03 seconds
     1>Done Building Project "C:\UE4.26.2_Projects\console-resembling\ConsoleResembling\Intermediate\ProjectFiles\ConsoleResembling.vcxproj" (Build target(s)).

Build succeeded.
    0 Warning(s)
    0 Error(s)

Time Elapsed 00:01:00.54
